Build started 16-Mar-13 2:11:29 PM.
     1>Project "C:\Users\Kaiser Khue\Documents\Visual Studio 2010\Projects\leaf-vision\LeafVision\LeafVision.vcxproj" on node 2 (rebuild target(s)).
     1>InitializeBuildStatus:
         Creating "x64\Release\LeafVision.unsuccessfulbuild" because "AlwaysCreate" was specified.
       ClCompile:
         C:\Program Files (x86)\Microsoft Visual Studio 10.0\VC\bin\x86_amd64\CL.exe /c /IC:\opencv\build\include /Zi /nologo /W3 /WX- /O2 /Oi /GL /D WIN32 /D NDEBUG /D _CONSOLE /D _UNICODE /D UNICODE /Gm- /EHsc /MD /GS /Gy /fp:precise /Zc:wchar_t /Zc:forScope /Fo"x64\Release\\" /Fd"x64\Release\vc100.pdb" /Gd /TP /errorReport:prompt main.cpp
         main.cpp
     1>c:\opencv\build\include\opencv2\flann\logger.h(66): warning C4996: 'fopen': This function or variable may be unsafe. Consider using fopen_s instead. To disable deprecation, use _CRT_SECURE_NO_WARNINGS. See online help for details.
                 C:\Program Files (x86)\Microsoft Visual Studio 10.0\VC\include\stdio.h(234) : see declaration of 'fopen'
     1>c:\users\kaiser khue\documents\visual studio 2010\projects\leaf-vision\leafvision\functions.h(27): warning C4244: 'argument' : conversion from 'int' to 'float', possible loss of data
     1>c:\users\kaiser khue\documents\visual studio 2010\projects\leaf-vision\leafvision\functions.h(117): warning C4244: '=' : conversion from 'float' to 'uchar', possible loss of data
     1>main.cpp(211): warning C4244: 'argument' : conversion from 'float' to 'int', possible loss of data
     1>main.cpp(211): warning C4244: 'argument' : conversion from 'float' to 'int', possible loss of data
     1>main.cpp(214): warning C4244: 'argument' : conversion from 'float' to 'unsigned __int64', possible loss of data
     1>main.cpp(214): warning C4244: 'argument' : conversion from 'float' to 'unsigned __int64', possible loss of data
     1>main.cpp(217): warning C4244: 'argument' : conversion from 'float' to 'unsigned __int64', possible loss of data
     1>main.cpp(217): warning C4244: 'argument' : conversion from 'float' to 'unsigned __int64', possible loss of data
       Link:
         C:\Program Files (x86)\Microsoft Visual Studio 10.0\VC\bin\x86_amd64\link.exe /ERRORREPORT:PROMPT /OUT:"C:\Users\Kaiser Khue\Documents\Visual Studio 2010\Projects\leaf-vision\x64\Release\LeafVision.exe" /INCREMENTAL:NO /NOLOGO /LIBPATH:C:\opencv\build\x64\vc10\lib opencv_calib3d242.lib opencv_contrib242.lib opencv_core242.lib opencv_features2d242.lib opencv_flann242.lib opencv_gpu242.lib opencv_haartraining_engine.lib opencv_highgui242.lib opencv_imgproc242.lib opencv_legacy242.lib opencv_ml242.lib opencv_nonfree242.lib opencv_objdetect242.lib opencv_photo242.lib opencv_stitching242.lib opencv_ts242.lib opencv_video242.lib kernel32.lib user32.lib gdi32.lib winspool.lib comdlg32.lib advapi32.lib shell32.lib ole32.lib oleaut32.lib uuid.lib odbc32.lib odbccp32.lib /MANIFEST /ManifestFile:"x64\Release\LeafVision.exe.intermediate.manifest" /MANIFESTUAC:"level='asInvoker' uiAccess='false'" /DEBUG /PDB:"C:\Users\Kaiser Khue\Documents\Visual Studio 2010\Projects\leaf-vision\x64\Release\LeafVision.pdb" /SUBSYSTEM:CONSOLE /OPT:REF /OPT:ICF /LTCG /TLBID:1 /DYNAMICBASE /NXCOMPAT /IMPLIB:"C:\Users\Kaiser Khue\Documents\Visual Studio 2010\Projects\leaf-vision\x64\Release\LeafVision.lib" /MACHINE:X64 x64\Release\main.obj
         Generating code
         Finished generating code
         LeafVision.vcxproj -> C:\Users\Kaiser Khue\Documents\Visual Studio 2010\Projects\leaf-vision\x64\Release\LeafVision.exe
       Manifest:
         C:\Program Files (x86)\Microsoft SDKs\Windows\v7.0A\bin\mt.exe /nologo /verbose /outputresource:"C:\Users\Kaiser Khue\Documents\Visual Studio 2010\Projects\leaf-vision\x64\Release\LeafVision.exe;#1" /manifest x64\Release\LeafVision.exe.intermediate.manifest
       FinalizeBuildStatus:
         Deleting file "x64\Release\LeafVision.unsuccessfulbuild".
         Touching "x64\Release\LeafVision.lastbuildstate".
     1>Done Building Project "C:\Users\Kaiser Khue\Documents\Visual Studio 2010\Projects\leaf-vision\LeafVision\LeafVision.vcxproj" (rebuild target(s)).

Build succeeded.

Time Elapsed 00:00:05.63
